<?xml version="1.0" encoding="UTF-8"?>
<!-- Generated by org.testng.reporters.JUnitReportReporter -->
<testsuite hostname="user1" failures="0" tests="1" name="testScripts.GooglPageTest" time="7.857" errors="0" timestamp="2025-03-25T16:59:53 IST" skipped="0">
  <testcase classname="testScripts.GooglPageTest" name="googleSearch" time="7.857"/>
</testsuite> <!-- testScripts.GooglPageTest -->
