<?xml version="1.0" encoding="UTF-8"?>
<!-- Generated by org.testng.reporters.JUnitReportReporter -->
<testsuite hostname="user1" failures="0" tests="1" name="testScripts.GooglPageTest" time="9.082" errors="0" timestamp="2025-03-27T14:18:20 IST" skipped="0">
  <testcase classname="testScripts.GooglPageTest" name="googleSearch" time="9.082"/>
</testsuite> <!-- testScripts.GooglPageTest -->
